{"/home/th3g3ntl3man/Code/Symphony/src/components/ui/Button.tsx": {"path":"/home/th3g3ntl3man/Code/Symphony/src/components/ui/Button.tsx","statementMap":{"0":{"start":{"line":17,"column":45},"end":{"line":38,"column":null}},"1":{"start":{"line":23,"column":21},"end":{"line":23,"column":null}},"2":{"start":{"line":25,"column":24},"end":{"line":28,"column":null}},"3":{"start":{"line":30,"column":2},"end":{"line":36,"column":null}},"4":{"start":{"line":40,"column":0},"end":{"line":40,"column":null}}},"fnMap":{"0":{"name":"(anonymous_0)","decl":{"start":{"line":17,"column":45},"end":{"line":17,"column":46}},"loc":{"start":{"line":22,"column":6},"end":{"line":38,"column":null}},"line":22}},"branchMap":{"0":{"loc":{"start":{"line":18,"column":2},"end":{"line":18,"column":null}},"type":"default-arg","locations":[{"start":{"line":18,"column":12},"end":{"line":18,"column":null}}],"line":18}},"s":{"0":1,"1":8,"2":8,"3":8,"4":1},"f":{"0":8},"b":{"0":[8]},"meta":{"lastBranch":1,"lastFunction":1,"lastStatement":5,"seen":{"s:17:45:38:Infinity":0,"f:17:45:17:46":0,"b:18:12:18:Infinity":0,"s:23:21:23:Infinity":1,"s:25:24:28:Infinity":2,"s:30:2:36:Infinity":3,"s:40:0:40:Infinity":4}}}
,"/home/th3g3ntl3man/Code/Symphony/src/components/ui/Card.tsx": {"path":"/home/th3g3ntl3man/Code/Symphony/src/components/ui/Card.tsx","statementMap":{"0":{"start":{"line":18,"column":41},"end":{"line":36,"column":null}},"1":{"start":{"line":19,"column":2},"end":{"line":34,"column":null}},"2":{"start":{"line":38,"column":0},"end":{"line":38,"column":null}}},"fnMap":{"0":{"name":"(anonymous_0)","decl":{"start":{"line":18,"column":41},"end":{"line":18,"column":42}},"loc":{"start":{"line":18,"column":77},"end":{"line":36,"column":null}},"line":18}},"branchMap":{"0":{"loc":{"start":{"line":26,"column":7},"end":{"line":31,"column":null}},"type":"binary-expr","locations":[{"start":{"line":26,"column":7},"end":{"line":26,"column":null}},{"start":{"line":27,"column":8},"end":{"line":31,"column":null}}],"line":26}},"s":{"0":1,"1":8,"2":1},"f":{"0":8},"b":{"0":[8,4]},"meta":{"lastBranch":1,"lastFunction":1,"lastStatement":3,"seen":{"s:18:41:36:Infinity":0,"f:18:41:18:42":0,"s:19:2:34:Infinity":1,"b:26:7:26:Infinity:27:8:31:Infinity":0,"s:38:0:38:Infinity":2}}}
,"/home/th3g3ntl3man/Code/Symphony/src/components/ui/Input.tsx": {"path":"/home/th3g3ntl3man/Code/Symphony/src/components/ui/Input.tsx","statementMap":{"0":{"start":{"line":15,"column":43},"end":{"line":52,"column":null}},"1":{"start":{"line":22,"column":18},"end":{"line":22,"column":null}},"2":{"start":{"line":24,"column":2},"end":{"line":50,"column":null}},"3":{"start":{"line":54,"column":0},"end":{"line":54,"column":null}}},"fnMap":{"0":{"name":"(anonymous_0)","decl":{"start":{"line":15,"column":43},"end":{"line":15,"column":44}},"loc":{"start":{"line":21,"column":6},"end":{"line":52,"column":null}},"line":21}},"branchMap":{"0":{"loc":{"start":{"line":22,"column":18},"end":{"line":22,"column":null}},"type":"binary-expr","locations":[{"start":{"line":22,"column":18},"end":{"line":22,"column":24}},{"start":{"line":22,"column":24},"end":{"line":22,"column":null}}],"line":22},"1":{"loc":{"start":{"line":26,"column":7},"end":{"line":32,"column":null}},"type":"binary-expr","locations":[{"start":{"line":26,"column":7},"end":{"line":26,"column":null}},{"start":{"line":27,"column":8},"end":{"line":32,"column":null}}],"line":26},"2":{"loc":{"start":{"line":42,"column":10},"end":{"line":42,"column":null}},"type":"binary-expr","locations":[{"start":{"line":42,"column":10},"end":{"line":42,"column":19}},{"start":{"line":42,"column":19},"end":{"line":42,"column":null}}],"line":42},"3":{"loc":{"start":{"line":47,"column":7},"end":{"line":48,"column":null}},"type":"binary-expr","locations":[{"start":{"line":47,"column":7},"end":{"line":47,"column":null}},{"start":{"line":48,"column":8},"end":{"line":48,"column":null}}],"line":47}},"s":{"0":1,"1":11,"2":11,"3":1},"f":{"0":11},"b":{"0":[11,10],"1":[11,5],"2":[11,3],"3":[11,3]},"meta":{"lastBranch":4,"lastFunction":1,"lastStatement":4,"seen":{"s:15:43:52:Infinity":0,"f:15:43:15:44":0,"s:22:18:22:Infinity":1,"b:22:18:22:24:22:24:22:Infinity":0,"s:24:2:50:Infinity":2,"b:26:7:26:Infinity:27:8:32:Infinity":1,"b:42:10:42:19:42:19:42:Infinity":2,"b:47:7:47:Infinity:48:8:48:Infinity":3,"s:54:0:54:Infinity":3}}}
,"/home/th3g3ntl3man/Code/Symphony/src/hooks/useTheme.ts": {"path":"/home/th3g3ntl3man/Code/Symphony/src/hooks/useTheme.ts","statementMap":{"0":{"start":{"line":17,"column":24},"end":{"line":51,"column":null}},"1":{"start":{"line":18,"column":29},"end":{"line":28,"column":null}},"2":{"start":{"line":20,"column":18},"end":{"line":20,"column":null}},"3":{"start":{"line":23,"column":4},"end":{"line":25,"column":null}},"4":{"start":{"line":24,"column":6},"end":{"line":24,"column":null}},"5":{"start":{"line":27,"column":4},"end":{"line":27,"column":null}},"6":{"start":{"line":30,"column":2},"end":{"line":40,"column":null}},"7":{"start":{"line":31,"column":17},"end":{"line":31,"column":null}},"8":{"start":{"line":33,"column":4},"end":{"line":37,"column":null}},"9":{"start":{"line":34,"column":6},"end":{"line":34,"column":null}},"10":{"start":{"line":36,"column":6},"end":{"line":36,"column":null}},"11":{"start":{"line":39,"column":4},"end":{"line":39,"column":null}},"12":{"start":{"line":42,"column":19},"end":{"line":44,"column":null}},"13":{"start":{"line":43,"column":4},"end":{"line":43,"column":null}},"14":{"start":{"line":46,"column":22},"end":{"line":48,"column":null}},"15":{"start":{"line":47,"column":4},"end":{"line":47,"column":null}},"16":{"start":{"line":50,"column":2},"end":{"line":50,"column":null}}},"fnMap":{"0":{"name":"(anonymous_0)","decl":{"start":{"line":17,"column":24},"end":{"line":17,"column":30}},"loc":{"start":{"line":17,"column":30},"end":{"line":51,"column":null}},"line":17},"1":{"name":"(anonymous_1)","decl":{"start":{"line":18,"column":49},"end":{"line":18,"column":55}},"loc":{"start":{"line":18,"column":55},"end":{"line":28,"column":3}},"line":18},"2":{"name":"(anonymous_2)","decl":{"start":{"line":30,"column":12},"end":{"line":30,"column":18}},"loc":{"start":{"line":30,"column":18},"end":{"line":40,"column":5}},"line":30},"3":{"name":"(anonymous_3)","decl":{"start":{"line":42,"column":19},"end":{"line":42,"column":20}},"loc":{"start":{"line":42,"column":40},"end":{"line":44,"column":null}},"line":42},"4":{"name":"(anonymous_4)","decl":{"start":{"line":46,"column":22},"end":{"line":46,"column":28}},"loc":{"start":{"line":46,"column":28},"end":{"line":48,"column":null}},"line":46}},"branchMap":{"0":{"loc":{"start":{"line":23,"column":4},"end":{"line":25,"column":null}},"type":"if","locations":[{"start":{"line":23,"column":4},"end":{"line":25,"column":null}},{"start":{},"end":{}}],"line":23},"1":{"loc":{"start":{"line":24,"column":13},"end":{"line":24,"column":null}},"type":"cond-expr","locations":[{"start":{"line":24,"column":73},"end":{"line":24,"column":82}},{"start":{"line":24,"column":82},"end":{"line":24,"column":null}}],"line":24},"2":{"loc":{"start":{"line":33,"column":4},"end":{"line":37,"column":null}},"type":"if","locations":[{"start":{"line":33,"column":4},"end":{"line":37,"column":null}},{"start":{"line":35,"column":11},"end":{"line":37,"column":null}}],"line":33},"3":{"loc":{"start":{"line":47,"column":13},"end":{"line":47,"column":48}},"type":"cond-expr","locations":[{"start":{"line":47,"column":32},"end":{"line":47,"column":42}},{"start":{"line":47,"column":42},"end":{"line":47,"column":48}}],"line":47}},"s":{"0":1,"1":15,"2":9,"3":9,"4":8,"5":1,"6":15,"7":15,"8":15,"9":11,"10":4,"11":15,"12":15,"13":10,"14":15,"15":3,"16":15},"f":{"0":15,"1":9,"2":15,"3":10,"4":3},"b":{"0":[8,1],"1":[8,0],"2":[11,4],"3":[1,2]},"meta":{"lastBranch":4,"lastFunction":5,"lastStatement":17,"seen":{"s:17:24:51:Infinity":0,"f:17:24:17:30":0,"s:18:29:28:Infinity":1,"f:18:49:18:55":1,"s:20:18:20:Infinity":2,"b:23:4:25:Infinity:undefined:undefined:undefined:undefined":0,"s:23:4:25:Infinity":3,"s:24:6:24:Infinity":4,"b:24:73:24:82:24:82:24:Infinity":1,"s:27:4:27:Infinity":5,"s:30:2:40:Infinity":6,"f:30:12:30:18":2,"s:31:17:31:Infinity":7,"b:33:4:37:Infinity:35:11:37:Infinity":2,"s:33:4:37:Infinity":8,"s:34:6:34:Infinity":9,"s:36:6:36:Infinity":10,"s:39:4:39:Infinity":11,"s:42:19:44:Infinity":12,"f:42:19:42:20":3,"s:43:4:43:Infinity":13,"s:46:22:48:Infinity":14,"f:46:22:46:28":4,"s:47:4:47:Infinity":15,"b:47:32:47:42:47:42:47:48":3,"s:50:2:50:Infinity":16}}}
,"/home/th3g3ntl3man/Code/Symphony/src/utils/cn.ts": {"path":"/home/th3g3ntl3man/Code/Symphony/src/utils/cn.ts","statementMap":{"0":{"start":{"line":12,"column":2},"end":{"line":12,"column":null}}},"fnMap":{"0":{"name":"cn","decl":{"start":{"line":11,"column":16},"end":{"line":11,"column":22}},"loc":{"start":{"line":11,"column":44},"end":{"line":13,"column":null}},"line":11}},"branchMap":{},"s":{"0":38},"f":{"0":38},"b":{},"meta":{"lastBranch":0,"lastFunction":1,"lastStatement":1,"seen":{"f:11:16:11:22":0,"s:12:2:12:Infinity":0}}}
}
