TN:
SF:src/components/ui/Button.tsx
FN:17,(anonymous_0)
FNF:1
FNH:1
FNDA:8,(anonymous_0)
DA:17,1
DA:23,8
DA:25,8
DA:30,8
DA:40,1
LF:5
LH:5
BRDA:18,0,0,8
BRF:1
BRH:1
end_of_record
TN:
SF:src/components/ui/Card.tsx
FN:18,(anonymous_0)
FNF:1
FNH:1
FNDA:8,(anonymous_0)
DA:18,1
DA:19,8
DA:38,1
LF:3
LH:3
BRDA:26,0,0,8
BRDA:26,0,1,4
BRF:2
BRH:2
end_of_record
TN:
SF:src/components/ui/Input.tsx
FN:15,(anonymous_0)
FNF:1
FNH:1
FNDA:11,(anonymous_0)
DA:15,1
DA:22,11
DA:24,11
DA:54,1
LF:4
LH:4
BRDA:22,0,0,11
BRDA:22,0,1,10
BRDA:26,1,0,11
BRDA:26,1,1,5
BRDA:42,2,0,11
BRDA:42,2,1,3
BRDA:47,3,0,11
BRDA:47,3,1,3
BRF:8
BRH:8
end_of_record
TN:
SF:src/hooks/useTheme.ts
FN:17,(anonymous_0)
FN:18,(anonymous_1)
FN:30,(anonymous_2)
FN:42,(anonymous_3)
FN:46,(anonymous_4)
FNF:5
FNH:5
FNDA:15,(anonymous_0)
FNDA:9,(anonymous_1)
FNDA:15,(anonymous_2)
FNDA:10,(anonymous_3)
FNDA:3,(anonymous_4)
DA:17,1
DA:18,15
DA:20,9
DA:23,9
DA:24,8
DA:27,1
DA:30,15
DA:31,15
DA:33,15
DA:34,11
DA:36,4
DA:39,15
DA:42,15
DA:43,10
DA:46,15
DA:47,3
DA:50,15
LF:17
LH:17
BRDA:23,0,0,8
BRDA:23,0,1,1
BRDA:24,1,0,8
BRDA:24,1,1,0
BRDA:33,2,0,11
BRDA:33,2,1,4
BRDA:47,3,0,1
BRDA:47,3,1,2
BRF:8
BRH:7
end_of_record
TN:
SF:src/utils/cn.ts
FN:11,cn
FNF:1
FNH:1
FNDA:38,cn
DA:12,38
LF:1
LH:1
BRF:0
BRH:0
end_of_record
